C51 COMPILER V9.56.0.0   MAIN                                                              01/29/2019 12:30:35 PAGE 1   


C51 COMPILER V9.56.0.0, COMPILATION OF MODULE MAIN
OBJECT MODULE PLACED IN .\Objects\main.obj
COMPILER INVOKED BY: D:\keil u4 c51\C51\BIN\C51.EXE main.c OPTIMIZE(8,SPEED) BROWSE DEBUG OBJECTEXTEND PRINT(.\Listings\
                    -main.lst) TABS(2) OBJECT(.\Objects\main.obj)

line level    source

   1          #include<reg52.h>
   2          
   3          
   4          typedef unsigned char u8;
   5          typedef unsigned int  u16;
   6          
   7          sbit LSA=P2^2;
   8          sbit LSB=P2^3;
   9          sbit LSC=P2^4;
  10          
  11          sbit IRIN=P3^2;
  12          
  13          u8 IrValue[6];
  14          u8 Time;
  15          
  16          u8 DisplayData[8];
  17          u8 code smgduan[]={0x3f,0x06,0x5b, 0x4f , 0x66 , 0x6d ,0x7d , 0x07 , 0x7f  , 0x6f , 0x77 , 0x7c ,
  18          0x39 , 0x5e , 0x79 , 0x71 , 0x76,
  19          0x00};
  20          //0~9 A~D ???
  21          
  22          
  23          
  24          void delay(u16 i)
  25          {
  26   1        while(i--);
  27   1      }
  28          
  29          
  30          
  31          void DigDisplay()
  32          {
  33   1        u8 i;
  34   1        for(i=0;i<3;i++)
  35   1        {
  36   2          switch(i)
  37   2          {
  38   3            case(0):
  39   3              LSA=0;LSB=0;LSC=0;break;
  40   3            case(1):
  41   3              LSA=1;LSB=0;LSC=0;break;
  42   3            case(2):
  43   3              LSA=0;LSB=1;LSC=0;break;
  44   3          }
  45   2          P0=DisplayData[2-i];
  46   2          delay(100);
  47   2          P0=0x00;
  48   2        }
  49   1      }
  50           
  51          
  52          
  53          
  54          
C51 COMPILER V9.56.0.0   MAIN                                                              01/29/2019 12:30:35 PAGE 2   

  55          void IrInit()
  56          {
  57   1        IT0=1;
  58   1        EX0=1;
  59   1        EA=1;
  60   1        
  61   1        IRIN=1;
  62   1      }
  63          
  64          
  65          void main()
  66          {
  67   1        IrInit();
  68   1        while(1)
  69   1        {
  70   2          DisplayData[0]=smgduan[IrValue[2]/16];
  71   2          DisplayData[1]=smgduan[IrValue[1]%16];
  72   2          DisplayData[2]=smgduan[16];
  73   2          DigDisplay();
  74   2        }
  75   1      }
  76          
  77          void ReadIr() interrupt 0
  78          {
  79   1        u8 j,k;
  80   1        u16 err;
  81   1        Time=0;
  82   1        delay(700);
  83   1        
  84   1        
  85   1        if(IRIN==0)
  86   1        {
  87   2          err=1000;
  88   2          while((IRIN==0)&&(err>0))
  89   2          {
  90   3            delay(1);
  91   3            err--;
  92   3          }
  93   2          if(IRIN==1)
  94   2          {
  95   3            err=500;
  96   3            while((IRIN==1)&&(err>0))
  97   3            {
  98   4              delay(1);
  99   4              err--;
 100   4            }
 101   3            for(k=0;k<4;k++)
 102   3            {
 103   4              for(j=0;j<8;j++)
 104   4              {
 105   5                err=60;
 106   5                while((IRIN==0)&&(err>0))
 107   5                {
 108   6                  delay(1);
 109   6                  err--;
 110   6                }
 111   5                err=500;
 112   5                while((IRIN==1)&&(err>0))
 113   5                {
 114   6                  delay(10);
 115   6                  Time++;
 116   6                  err--;
C51 COMPILER V9.56.0.0   MAIN                                                              01/29/2019 12:30:35 PAGE 3   

 117   6                  if(Time>30)
 118   6                  {
 119   7                    return;
 120   7                  }
 121   6                }
 122   5                IrValue[k]>>=1;
 123   5                if(Time>=8)
 124   5                {
 125   6                  IrValue[k]|=0x80;
 126   6                }
 127   5                Time=0;
 128   5              }
 129   4            }
 130   3          }
 131   2          if(IrValue[2]!=~IrValue[3])
 132   2          {
 133   3            return;
 134   3          } 
 135   2        }
 136   1      }


MODULE INFORMATION:   STATIC OVERLAYABLE
   CODE SIZE        =    342    ----
   CONSTANT SIZE    =     18    ----
   XDATA SIZE       =   ----    ----
   PDATA SIZE       =   ----    ----
   DATA SIZE        =     15       1
   IDATA SIZE       =   ----    ----
   BIT SIZE         =   ----    ----
END OF MODULE INFORMATION.


C51 COMPILATION COMPLETE.  0 WARNING(S),  0 ERROR(S)
