C51 COMPILER V9.56.0.0   MAIN                                                              02/04/2019 10:53:04 PAGE 1   


C51 COMPILER V9.56.0.0, COMPILATION OF MODULE MAIN
OBJECT MODULE PLACED IN .\Objects\main.obj
COMPILER INVOKED BY: D:\keil u4 c51\C51\BIN\C51.EXE main.c OPTIMIZE(8,SPEED) BROWSE DEBUG OBJECTEXTEND PRINT(.\Listings\
                    -main.lst) TABS(2) OBJECT(.\Objects\main.obj)

line level    source

   1          #include <reg52.h>
   2          #include <i2c.h>
   3          
   4          sbit k1=P3^1;
   5          sbit k2=P3^0;
   6          sbit k3=P3^2;
   7          sbit k4=P3^3;
   8          
   9          sbit LSA=P2^2;
  10          sbit LSB=P2^3;
  11          sbit LSC=P2^4;
  12          
  13          u8 code smgduan[10]={0x3f,0x06,0x5b, 0x4f , 0x66 , 0x6d ,0x7d , 0x07 , 0x7f  , 0x6f };
  14          //0~9 
  15          u8 num=0,disp[4];
  16          
  17          void delay(u16 i)
  18          {
  19   1        while(i--);
  20   1      }
  21          
  22          void Keypos()
  23          {
  24   1        if(k1==0)
  25   1        {
  26   2          delay(1000);
  27   2          if(k1==0)
  28   2          {
  29   3            At24c02Write(1,num);
  30   3          }
  31   2          while(!k1);
  32   2        }
  33   1        if(k2==0)
  34   1        {
  35   2          delay(1000);
  36   2          if(k2==0)
  37   2          {
  38   3            num=At24c02Read(1);
  39   3          }
  40   2          while(!k2);
  41   2        }
  42   1        if(k3==0)
  43   1        {
  44   2          delay(1000);
  45   2          if(k3==0)
  46   2          {
  47   3            num++;
  48   3            if(num>255)num=0;
  49   3          }
  50   2          while(!k3);
  51   2        }
  52   1        if(k4==0)
  53   1        {
  54   2          delay(1000);
C51 COMPILER V9.56.0.0   MAIN                                                              02/04/2019 10:53:04 PAGE 2   

  55   2          if(k4==0)
  56   2          {
  57   3            num=0;
  58   3          }
  59   2          while(!k4);
  60   2        }
  61   1      } 
  62          
  63          void datapros()
  64          {
  65   1        disp[0]=smgduan[num/1000];
  66   1        disp[1]=smgduan[num%1000/100];
  67   1        disp[2]=smgduan[num%1000%100/10];
  68   1        disp[3]=smgduan[num%1000%100%10];
  69   1      }
  70          
  71          void DigDisplay()
  72          {
  73   1        u8 i;
  74   1        for(i=0;i<4;i++)
  75   1        {
  76   2          switch(i)
  77   2          {
  78   3            case 0:
  79   3                  LSA=0;LSB=0;LSC=0;break;//?????
  80   3            case 1:
  81   3                  LSA=1;LSB=0;LSC=0;break;//?????
  82   3            case 2:
  83   3                  LSA=0;LSB=1;LSC=0;break;//???
  84   3            case 3:
  85   3                  LSA=1;LSB=1;LSC=0;break;//???
  86   3            
  87   3          } 
  88   2          P0=smgduan[3-i];
  89   2          delay(100);//?????50???
  90   2          P0=0x00;//??
  91   2          
  92   2        }
  93   1      }
  94          
  95          void main()
  96          {
  97   1          while(1)
  98   1          {
  99   2             Keypos();
 100   2             datapros();
 101   2             DigDisplay();
 102   2          }
 103   1      }


MODULE INFORMATION:   STATIC OVERLAYABLE
   CODE SIZE        =    315    ----
   CONSTANT SIZE    =     10    ----
   XDATA SIZE       =   ----    ----
   PDATA SIZE       =   ----    ----
   DATA SIZE        =      5    ----
   IDATA SIZE       =   ----    ----
   BIT SIZE         =   ----    ----
END OF MODULE INFORMATION.


C51 COMPILATION COMPLETE.  0 WARNING(S),  0 ERROR(S)
