C51 COMPILER V9.56.0.0   MAIN                                                              01/24/2019 20:09:09 PAGE 1   


C51 COMPILER V9.56.0.0, COMPILATION OF MODULE MAIN
OBJECT MODULE PLACED IN .\Objects\main.obj
COMPILER INVOKED BY: D:\keil u4 c51\C51\BIN\C51.EXE main.c OPTIMIZE(8,SPEED) BROWSE DEBUG OBJECTEXTEND PRINT(.\Listings\
                    -main.lst) TABS(2) OBJECT(.\Objects\main.obj)

line level    source

   1          #include <reg52.h>
   2          sbit Beep =  P1^5 ;
   3          void Delay(unsigned int i) ;
   4          /******************************************************************************
   5          * 函数名         : main
   6          * 函数功能       : 主函数
   7          * 输入           : 无
   8          * 输出           : 无
   9          ******************************************************************************/
  10          
  11          void main()
  12          {
  13   1        Beep= 1;
  14   1        Delay(5);
  15   1        Beep= 0;
  16   1        Delay(5);
  17   1      } 
  18          /******************************************************************************
  19          * 函数名         : Delay()
  20          * 函数功能       : 延时函数
  21          * 输入           : 无
  22          * 输出           : 无
  23          ******************************************************************************/
  24          
  25          void Delay(unsigned int i)
  26          {
  27   1        char j;
  28   1        for(i; i > 0; i--)
  29   1          for(j = 200; j > 0; j--);
  30   1      }


MODULE INFORMATION:   STATIC OVERLAYABLE
   CODE SIZE        =     48    ----
   CONSTANT SIZE    =   ----    ----
   XDATA SIZE       =   ----    ----
   PDATA SIZE       =   ----    ----
   DATA SIZE        =   ----    ----
   IDATA SIZE       =   ----    ----
   BIT SIZE         =   ----    ----
END OF MODULE INFORMATION.


C51 COMPILATION COMPLETE.  0 WARNING(S),  0 ERROR(S)
