C51 COMPILER V9.56.0.0   MAIN                                                              01/27/2019 22:09:01 PAGE 1   


C51 COMPILER V9.56.0.0, COMPILATION OF MODULE MAIN
OBJECT MODULE PLACED IN .\Objects\main.obj
COMPILER INVOKED BY: D:\keil u4 c51\C51\BIN\C51.EXE main.c OPTIMIZE(8,SPEED) BROWSE DEBUG OBJECTEXTEND PRINT(.\Listings\
                    -main.lst) TABS(2) OBJECT(.\Objects\main.obj)

line level    source

   1          #include<reg52.h>
   2          
   3          
   4          typedef unsigned char u8;
   5          typedef unsigned int  u16;
   6          
   7          sbit LSA=P2^2;
   8          sbit LSB=P2^3;
   9          sbit LSC=P2^4;
  10          
  11          
  12          #define GPIO_KEY P1
  13          #define GPIO_DIG P0
  14          
  15          u8 KeyValue;//·¶Î§ÊÇ0~255
  16          
  17          u8 code smgduan[]={0x3f,0x06,0x5b, 0x4f , 0x66 , 0x6d ,0x7d , 0x07 , 0x7f  , 0x6f , 0x77 , 0x7c ,0x39 , 0x
             -5e , 0x79 , 0x71 , 0x00};
  18          //0~9 A~D ???
  19          
  20          void delay(u16 i)
  21          {
  22   1        while(i--);
  23   1      }
  24          
  25          
  26          void KeyDown()
  27          {
  28   1        u8 a;
  29   1        GPIO_KEY=0x0f;
  30   1        if(GPIO_KEY!=0x0f)
  31   1        {
  32   2          delay(1000);
  33   2          if(GPIO_KEY!=0x0f)
  34   2          {
  35   3            GPIO_KEY=0x0f;
  36   3            switch(GPIO_KEY)
  37   3            {
  38   4              case (0x07):KeyValue=0;break;
  39   4              case (0x0b):KeyValue=1;break;
  40   4              case (0x0d):KeyValue=2;break;
  41   4              case (0x0e):KeyValue=3;break;
  42   4            }
  43   3            GPIO_KEY=0xf0;
  44   3            switch(GPIO_KEY)
  45   3            {
  46   4              case (0x70):KeyValue=KeyValue;break;
  47   4              case (0xb0):KeyValue=KeyValue+4;break;
  48   4              case (0xd0):KeyValue=KeyValue+8;break;
  49   4              case (0xe0):KeyValue=KeyValue+12;break;
  50   4            }
  51   3            while((a<50)&&(GPIO_KEY!=0xf0))
  52   3            {
  53   4              delay(1000);
C51 COMPILER V9.56.0.0   MAIN                                                              01/27/2019 22:09:01 PAGE 2   

  54   4              a++;
  55   4            }
  56   3          }
  57   2        } 
  58   1      } 
  59          
  60          
  61          
  62          void main ()
  63          {
  64   1        LSA=0;
  65   1        LSB=0;
  66   1        LSC=0;
  67   1        
  68   1        while(1)
  69   1        {
  70   2          KeyDown();
  71   2          GPIO_DIG=smgduan[KeyValue];
  72   2        }
  73   1      }
  74            


MODULE INFORMATION:   STATIC OVERLAYABLE
   CODE SIZE        =    152    ----
   CONSTANT SIZE    =     17    ----
   XDATA SIZE       =   ----    ----
   PDATA SIZE       =   ----    ----
   DATA SIZE        =      1       1
   IDATA SIZE       =   ----    ----
   BIT SIZE         =   ----    ----
END OF MODULE INFORMATION.


C51 COMPILATION COMPLETE.  0 WARNING(S),  0 ERROR(S)
