C51 COMPILER V9.56.0.0   MAIN                                                              01/30/2019 11:58:22 PAGE 1   


C51 COMPILER V9.56.0.0, COMPILATION OF MODULE MAIN
OBJECT MODULE PLACED IN .\Objects\main.obj
COMPILER INVOKED BY: D:\keil u4 c51\C51\BIN\C51.EXE main.c OPTIMIZE(8,SPEED) BROWSE DEBUG OBJECTEXTEND PRINT(.\Listings\
                    -main.lst) TABS(2) OBJECT(.\Objects\main.obj)

line level    source

   1          #include <reg52.h>
   2          
   3          typedef  unsigned int u16;
   4          typedef  unsigned char u8;
   5          
   6          sbit PWN=P2^1;
   7          bit DIR;
   8          
   9          u16 count,value,timer1;
  10          
  11          void Time1Init()
  12          {
  13   1        TMOD|=0X10;
  14   1        
  15   1        TH1=0XFF;
  16   1        TL1=0XFF;//1us
  17   1        
  18   1        ET1=1;
  19   1        EA=1;
  20   1        TR1=1;
  21   1      }
  22          
  23          void main()
  24          {
  25   1        Time1Init();
  26   1        while(1)
  27   1        {
  28   2          if(count>100)//控制占空比
  29   2          {
  30   3            count=0;
  31   3            if(DIR==1)//
  32   3            {
  33   4              value++;
  34   4            }
  35   3            if(DIR==0)
  36   3            {
  37   4              value--;
  38   4            }
  39   3            
  40   3            if(value==1000)
  41   3            {
  42   4              DIR=0;
  43   4            }
  44   3            if(value==0)
  45   3            {
  46   4              DIR=1;
  47   4            }
  48   3            
  49   3            if(timer1>1000)//PWN周期是1000*1us
  50   3            {
  51   4              timer1=0;
  52   4            }
  53   3            if(timer1<value)
  54   3            {
C51 COMPILER V9.56.0.0   MAIN                                                              01/30/2019 11:58:22 PAGE 2   

  55   4              PWN=1;
  56   4            }
  57   3            else
  58   3            {
  59   4              PWN=0;
  60   4            }
  61   3          }
  62   2        }
  63   1      }
  64          
  65          
  66          void Time1(void) interrupt 3
  67          {
  68   1        TH1=0XFF;
  69   1        TL1=0XFF;//1us
  70   1        timer1++;
  71   1        count++;
  72   1      }


MODULE INFORMATION:   STATIC OVERLAYABLE
   CODE SIZE        =    139    ----
   CONSTANT SIZE    =   ----    ----
   XDATA SIZE       =   ----    ----
   PDATA SIZE       =   ----    ----
   DATA SIZE        =      6    ----
   IDATA SIZE       =   ----    ----
   BIT SIZE         =      1    ----
END OF MODULE INFORMATION.


C51 COMPILATION COMPLETE.  0 WARNING(S),  0 ERROR(S)
