C51 COMPILER V9.56.0.0   MAIN                                                              01/24/2019 18:39:00 PAGE 1   


C51 COMPILER V9.56.0.0, COMPILATION OF MODULE MAIN
OBJECT MODULE PLACED IN .\Objects\main.obj
COMPILER INVOKED BY: D:\keil u4 c51\C51\BIN\C51.EXE main.c OPTIMIZE(8,SPEED) BROWSE DEBUG OBJECTEXTEND PRINT(.\Listings\
                    -main.lst) TABS(2) OBJECT(.\Objects\main.obj)

line level    source

   1          #include<reg51.h>
   2          #include<intrins.h>
   3          
   4          typedef unsigned char u8;
   5          typedef unsigned int  u16;
   6          
   7          sbit SRCLK=P3^6;
   8          sbit RCLK=P3^5;
   9          sbit SER=P3^4;//可能是4位
  10          
  11          
  12          
  13          
  14          
  15          void Hc595SendByte(u8 dat)
  16          {
  17   1        u8 a;
  18   1        SRCLK=0;
  19   1        RCLK=0;
  20   1        for(a=0;a<8;a++)
  21   1        {
  22   2          SER=dat>>7;
  23   2          dat<<=1;
  24   2          SRCLK=1;
  25   2          _nop_();
  26   2          _nop_();
  27   2          SRCLK=0;
  28   2        }
  29   1        RCLK=1;
  30   1        _nop_();
  31   1        _nop_();
  32   1        RCLK=0;
  33   1      }
  34          
  35          void main ()
  36          {
  37   1        Hc595SendByte(0x80);
  38   1        P0=0x7f;//0111 1111
  39   1        while(1);
  40   1      
  41   1      }
  42            


MODULE INFORMATION:   STATIC OVERLAYABLE
   CODE SIZE        =     48    ----
   CONSTANT SIZE    =   ----    ----
   XDATA SIZE       =   ----    ----
   PDATA SIZE       =   ----    ----
   DATA SIZE        =   ----    ----
   IDATA SIZE       =   ----    ----
   BIT SIZE         =   ----    ----
END OF MODULE INFORMATION.


C51 COMPILATION COMPLETE.  0 WARNING(S),  0 ERROR(S)
