C51 COMPILER V9.56.0.0   MAIN                                                              01/24/2019 15:45:51 PAGE 1   


C51 COMPILER V9.56.0.0, COMPILATION OF MODULE MAIN
OBJECT MODULE PLACED IN .\Objects\main.obj
COMPILER INVOKED BY: D:\keil u4 c51\C51\BIN\C51.EXE main.c OPTIMIZE(8,SPEED) BROWSE DEBUG OBJECTEXTEND PRINT(.\Listings\
                    -main.lst) TABS(2) OBJECT(.\Objects\main.obj)

line level    source

   1          #include<reg52.h>
   2          
   3          typedef unsigned char u8;
   4          typedef unsigned int  u16;
   5          
   6          sbit led=P2^0;
   7          sbit k1 =P3^1;
   8          
   9          void delay(u16 i)
  10          {
  11   1        while(i--);
  12   1      }
  13          
  14          void keypros()
  15          {
  16   1        if(k1==0)
  17   1        {
  18   2          delay(1000);//—” ±10ms
  19   2          if(k1==0)
  20   2          {
  21   3            led=~led;
  22   3          }
  23   2          while(!k1);
  24   2        }
  25   1      }
  26          
  27          void main()
  28          {
  29   1        while(1)
  30   1        {
  31   2          keypros();
  32   2        }
  33   1      }


MODULE INFORMATION:   STATIC OVERLAYABLE
   CODE SIZE        =     35    ----
   CONSTANT SIZE    =   ----    ----
   XDATA SIZE       =   ----    ----
   PDATA SIZE       =   ----    ----
   DATA SIZE        =   ----    ----
   IDATA SIZE       =   ----    ----
   BIT SIZE         =   ----    ----
END OF MODULE INFORMATION.


C51 COMPILATION COMPLETE.  0 WARNING(S),  0 ERROR(S)
