C51 COMPILER V9.56.0.0   LCD                                                               03/01/2019 21:59:15 PAGE 1   


C51 COMPILER V9.56.0.0, COMPILATION OF MODULE LCD
OBJECT MODULE PLACED IN .\Objects\lcd.obj
COMPILER INVOKED BY: D:\keil u4 c51\C51\BIN\C51.EXE lcd.c OPTIMIZE(8,SPEED) BROWSE DEBUG OBJECTEXTEND PRINT(.\Listings\l
                    -cd.lst) TABS(2) OBJECT(.\Objects\lcd.obj)

line level    source

   1          #include <lcd.h>
   2          
   3          
   4          
   5          void LCD1602_Delay1ms(u16 c)
   6          {
   7   1        u16 a,b;
   8   1        for(;c>0;c--)
   9   1        {
  10   2          for(b=199;b>0;b--)
  11   2          {
  12   3            for(a=1;a>0;a--);
  13   3          }
  14   2        }
  15   1      }
  16          
  17          
  18          
  19          
  20          #ifndef  LCD1602_4PINS
              void LcdWriteCom (u8 com)
              {
                LCD1602_E=0;
                LCD1602_RS=0;
                LCD1602_RW=0;
                
                LCD1602_DATAPINS =com;
                LCD1602_Delay1ms(1);
                
                LCD1602_E=1;
                LCD1602_Delay1ms(5);
                LCD1602_E=0;
              }
              #else
  35          void LcdWriteCom (u8 com)
  36          {
  37   1        LCD1602_E=0;
  38   1        LCD1602_RS=0;
  39   1        LCD1602_RW=0;
  40   1        
  41   1        LCD1602_DATAPINS = com;
  42   1        LCD1602_Delay1ms(1);
  43   1        
  44   1        LCD1602_E=1;
  45   1        LCD1602_Delay1ms(5);
  46   1        LCD1602_E=0;
  47   1        
  48   1        LCD1602_DATAPINS=com<<4;
  49   1        LCD1602_Delay1ms(1);
  50   1        
  51   1        LCD1602_E=1;
  52   1        LCD1602_Delay1ms(5);
  53   1        LCD1602_E=0;
  54   1      }
C51 COMPILER V9.56.0.0   LCD                                                               03/01/2019 21:59:15 PAGE 2   

  55          
  56          #endif
  57          
  58          
  59          #ifndef  LCD1602_4PINS
              void LcdWriteData(u8 dat)
              {
                LCD1602_E=0;
                LCD1602_RS=1;
                LCD1602_RW=0;
                
                LCD1602_DATAPINS = dat;
                LCD1602_Delay1ms(1);
                
                LCD1602_E=1;
                LCD1602_Delay1ms(5);
                LCD1602_E=0;
              }
              #else
  74          void LcdWriteData(u8 dat)
  75          {
  76   1        LCD1602_E=0;
  77   1        LCD1602_RS=1;
  78   1        LCD1602_RW=0;
  79   1        
  80   1        LCD1602_DATAPINS = dat;
  81   1        LCD1602_Delay1ms(1);
  82   1        
  83   1        LCD1602_E=1;
  84   1        LCD1602_Delay1ms(5);
  85   1        LCD1602_E=0;
  86   1        
  87   1        LCD1602_DATAPINS=dat<<4;
  88   1        LCD1602_Delay1ms(1);
  89   1        
  90   1        LCD1602_E=1;
  91   1        LCD1602_Delay1ms(5);
  92   1        LCD1602_E=0;
  93   1      }
  94          
  95          #endif
  96          
  97          
  98          #ifndef  LCD1602_4PINS
              void LcdInit()
              {
                LcdWriteCom(0x38);
                LcdWriteCom(0x0c);
                LcdWriteCom(0x06);
                LcdWriteCom(0x01);
                LcdWriteCom(0x80);
              }
              #else
 108          void LcdInit()
 109          {
 110   1        LcdWriteCom(0x32);
 111   1        LcdWriteCom(0x28);
 112   1        LcdWriteCom(0x0c);
 113   1        LcdWriteCom(0x06);
 114   1        LcdWriteCom(0x01);
 115   1        LcdWriteCom(0x80);
 116   1      }
C51 COMPILER V9.56.0.0   LCD                                                               03/01/2019 21:59:15 PAGE 3   

 117          #endif
 118          
 119          
 120          void  LcdWriteword(unsigned char *s)
 121          {
 122   1        while(*s>0)
 123   1        {
 124   2          LcdWriteData(*s);
 125   2          s++;
 126   2        }
 127   1        
 128   1      }


MODULE INFORMATION:   STATIC OVERLAYABLE
   CODE SIZE        =    176    ----
   CONSTANT SIZE    =   ----    ----
   XDATA SIZE       =   ----    ----
   PDATA SIZE       =   ----    ----
   DATA SIZE        =   ----       3
   IDATA SIZE       =   ----    ----
   BIT SIZE         =   ----    ----
END OF MODULE INFORMATION.


C51 COMPILATION COMPLETE.  0 WARNING(S),  0 ERROR(S)
