C51 COMPILER V9.56.0.0   MAIN                                                              03/01/2019 21:59:15 PAGE 1   


C51 COMPILER V9.56.0.0, COMPILATION OF MODULE MAIN
OBJECT MODULE PLACED IN .\Objects\main.obj
COMPILER INVOKED BY: D:\keil u4 c51\C51\BIN\C51.EXE main.c OPTIMIZE(8,SPEED) BROWSE DEBUG OBJECTEXTEND PRINT(.\Listings\
                    -main.lst) TABS(2) OBJECT(.\Objects\main.obj)

line level    source

   1          #include <reg52.h>
   2          #include <lcd.h>
   3          
   4          
   5          //u8 Disp[]=" Pechin Science " ;
   6          
   7          
   8          void main(void)
   9          {
  10   1        //u8 i;
  11   1        //u8 dat=1;
  12   1        //dat=dat+0x30;(ASCII码)
  13   1        //LcdWriteData('dat');
  14   1        LcdInit();
  15   1        //LcdWriteCom(0x18);解决重启时前移的问题
  16   1        LcdWriteword("Welcome to use!");
  17   1        LcdWriteCom(0x40+0x80);
  18   1        LcdWriteword("Welcome to use!");
  19   1        //for(i=0;i<16;i++)
  20   1        //{
  21   1        //  LcdWriteData(Disp[i]);
  22   1          
  23   1        //}
  24   1        //第二行显示时，LcdWriteCom(0x40+0x80);
  25   1        //for(i=0;i<16;i++)
  26   1        //{
  27   1        //  LcdWriteData(Disp[i]);
  28   1        //
  29   1        //}
  30   1        //
  31   1        while(1);
  32   1      }
  33          
  34          
  35            
  36            


MODULE INFORMATION:   STATIC OVERLAYABLE
   CODE SIZE        =     28    ----
   CONSTANT SIZE    =     16    ----
   XDATA SIZE       =   ----    ----
   PDATA SIZE       =   ----    ----
   DATA SIZE        =   ----    ----
   IDATA SIZE       =   ----    ----
   BIT SIZE         =   ----    ----
END OF MODULE INFORMATION.


C51 COMPILATION COMPLETE.  0 WARNING(S),  0 ERROR(S)
