C51 COMPILER V9.56.0.0   MAIN                                                              01/24/2019 19:08:09 PAGE 1   


C51 COMPILER V9.56.0.0, COMPILATION OF MODULE MAIN
OBJECT MODULE PLACED IN .\Objects\main.obj
COMPILER INVOKED BY: D:\keil u4 c51\C51\BIN\C51.EXE main.c OPTIMIZE(8,SPEED) BROWSE DEBUG OBJECTEXTEND PRINT(.\Listings\
                    -main.lst) TABS(2) OBJECT(.\Objects\main.obj)

line level    source

   1          #include<reg52.h>
   2          
   3          typedef unsigned char u8;
   4          typedef unsigned int  u16;
   5          
   6          sbit led=P2^0;
   7          sbit k3 =P3^2;
   8          
   9          void delay(u16 i)
  10          {
  11   1        while(i--);
  12   1      }
  13          
  14          void Int0Init() 
  15          {
  16   1        IT0=1;
  17   1        EX0=1;
  18   1        EA=1;
  19   1      }
  20          
  21          
  22          void main()
  23          {
  24   1        Int0Init();//÷–∂œ≥ı ºªØ
  25   1        while(1);
  26   1      }
  27          
  28          void Int0() interrupt 0
  29          {
  30   1        delay(1000);
  31   1        if(k3==0)
  32   1        {
  33   2          led=~led;
  34   2        }
  35   1      }


MODULE INFORMATION:   STATIC OVERLAYABLE
   CODE SIZE        =     59    ----
   CONSTANT SIZE    =   ----    ----
   XDATA SIZE       =   ----    ----
   PDATA SIZE       =   ----    ----
   DATA SIZE        =   ----    ----
   IDATA SIZE       =   ----    ----
   BIT SIZE         =   ----    ----
END OF MODULE INFORMATION.


C51 COMPILATION COMPLETE.  0 WARNING(S),  0 ERROR(S)
