C51 COMPILER V9.56.0.0   DS1302                                                            08/07/2019 04:34:25 PAGE 1   


C51 COMPILER V9.56.0.0, COMPILATION OF MODULE DS1302
OBJECT MODULE PLACED IN .\Objects\ds1302.obj
COMPILER INVOKED BY: D:\keil MDK\Keil_v5\C51\BIN\C51.EXE ds1302.c OPTIMIZE(8,SPEED) BROWSE DEBUG OBJECTEXTEND PRINT(.\Li
                    -stings\ds1302.lst) TABS(2) OBJECT(.\Objects\ds1302.obj)

line level    source

   1          #include<ds1302.h>
   2          
   3          
   4          //ds1302写入与读取时秒分的地址命令
   5          //时秒分日月周年 最低位读写位
   6          u8 code READ_RTC_ADDR[7]={0x81,0x83,0x85,0x87,0x89,0x8b,0x8d};
   7          u8 code WRITE_RTC_ADDR[7]={0x80,0x82,0x84,0x86,0x88,0x8a,0x8c};
   8          
   9          //时钟初始化2016年5月7日星期六12点00分00秒
  10          //存储顺序是   秒分时日月周年   格式是BCD码
  11          
  12          u8 TIME[7]={0,0,0x12,0x07,0x05,0x06,0x16};
  13          
  14          
  15          
  16          /************************************
  17          函数名：Ds1302Write
  18          功能：向DA1302命令（地址+数据）
  19          输入：ADDR,DAT
  20          
  21          *************************************/
  22          void Ds1302Write(u8 addr,u8 dat)
  23          {
  24   1        u8 n;
  25   1        RST=0;
  26   1        _nop_();
  27   1        
  28   1        SCLK=0;//将SCLK置低
  29   1        _nop_();
  30   1        RST=1;//将RST（CE）置高
  31   1        _nop_();
  32   1        
  33   1        for(n=0;n<8;n++)//开始传送8位地址命令
  34   1        {
  35   2          DSIO=addr&0x01;//从低位开始传送
  36   2          addr>>=1;
  37   2          SCLK=1;//上升沿，读取数据
  38   2          _nop_();
  39   2          SCLK=0;
  40   2          _nop_();
  41   2        }
  42   1        
  43   1        for(n=0;n<8;n++)//写入8位数据
  44   1        {
  45   2          DSIO=dat&0x01;//从低位开始传送
  46   2          dat>>=1;
  47   2          SCLK=1;//上升沿，读取数据
  48   2          _nop_();
  49   2          SCLK=0;
  50   2          _nop_();
  51   2        }
  52   1        
  53   1        RST=0;//传送数据结束
  54   1        _nop_();
C51 COMPILER V9.56.0.0   DS1302                                                            08/07/2019 04:34:25 PAGE 2   

  55   1        
  56   1      }
  57          
  58          
  59          /************************************
  60          函数名：Ds1302Read
  61          功能：读取一个地址的数据
  62          输入：ADDR
  63          输出：dat
  64          
  65          *************************************/
  66          u8 Ds1302Read(u8 addr)
  67          {
  68   1        u8 n,dat,dat1;
  69   1        RST=0;
  70   1        _nop_();
  71   1        
  72   1        SCLK=0;//将SCLK置低
  73   1        _nop_();
  74   1        RST=1;//将RST（CE）置高
  75   1        _nop_();
  76   1        
  77   1          for(n=0;n<8;n++)//开始传送8位地址命令
  78   1        {
  79   2          DSIO=addr&0x01;//从低位开始传送
  80   2          addr>>=1;
  81   2          SCLK=1;//数据在上升沿时，ds1302读取数据
  82   2          _nop_();
  83   2          SCLK=0;//Ds1302下降沿时，放置数据
  84   2          _nop_();
  85   2        }
  86   1        _nop_();
  87   1        for(n=0;n<8;n++)//读取8位数据
  88   1        {
  89   2          dat1=DSIO;//从低位开始接收
  90   2          dat=(dat>>1)|(dat1<<7);
  91   2          SCLK=1;//上升沿，读取数据
  92   2          _nop_();
  93   2          SCLK=0;//Ds1302下降沿时，放置数据
  94   2          _nop_();
  95   2        }
  96   1        
  97   1        RST=0;
  98   1        _nop_();//以下为DS1302复位的稳定时间，必须的
  99   1        SCLK=1;
 100   1        _nop_();
 101   1        DSIO=0;
 102   1        _nop_();
 103   1        DSIO=1;
 104   1        _nop_();
 105   1        
 106   1        return dat;
 107   1      }
 108          
 109          
 110          
 111          
 112          
 113          /***********************************
 114          函数名：Ds1302Init
 115          功能：初始化
 116          
C51 COMPILER V9.56.0.0   DS1302                                                            08/07/2019 04:34:25 PAGE 3   

 117          ************************************/
 118          void Ds1302Init()
 119          {
 120   1        u8 n;
 121   1        Ds1302Write(0x8e,0x00);//禁止写保护，默认是开的
 122   1        for(n=0;n<7;n++)//写入7个字节的时钟信号，分秒时日月周年
 123   1        {
 124   2          Ds1302Write(WRITE_RTC_ADDR[n],TIME[n]);
 125   2        }
 126   1        Ds1302Write(0x8e,0x80);//打开写保护功能
 127   1      }
 128          
 129          
 130          
 131          /************************************
 132          函数名：Ds1302ReadTime
 133          功能：读取时钟信息
 134          输入：无
 135          输出：无
 136          
 137          *************************************/
 138          void Ds1302ReadTime()
 139          {
 140   1        u8 n;
 141   1        for(n=0;n<7;n++)//读取7个字节
 142   1        {
 143   2          TIME[n]=Ds1302Read(READ_RTC_ADDR[n]);
 144   2        }
 145   1      }


MODULE INFORMATION:   STATIC OVERLAYABLE
   CODE SIZE        =    184    ----
   CONSTANT SIZE    =     14    ----
   XDATA SIZE       =   ----    ----
   PDATA SIZE       =   ----    ----
   DATA SIZE        =      7    ----
   IDATA SIZE       =   ----    ----
   BIT SIZE         =   ----    ----
END OF MODULE INFORMATION.


C51 COMPILATION COMPLETE.  0 WARNING(S),  0 ERROR(S)
