C51 COMPILER V9.56.0.0   MAIN                                                              08/07/2019 04:34:25 PAGE 1   


C51 COMPILER V9.56.0.0, COMPILATION OF MODULE MAIN
OBJECT MODULE PLACED IN .\Objects\main.obj
COMPILER INVOKED BY: D:\keil MDK\Keil_v5\C51\BIN\C51.EXE main.c OPTIMIZE(8,SPEED) BROWSE DEBUG OBJECTEXTEND PRINT(.\List
                    -ings\main.lst) TABS(2) OBJECT(.\Objects\main.obj)

line level    source

   1          /***************************************************
   2                  DS1302实验
   3                  
   4              数码管显示时钟数据
   5          
   6          ****************************************************/
   7          
   8          #include<reg52.h>
   9          #include<ds1302.h>
  10          
  11          
  12          
  13          sbit LSA=P2^2;
  14          sbit LSB=P2^3;
  15          sbit LSC=P2^4;
  16          
  17          
  18          
  19          char num=0;
  20          u8 DisplayData[8];
  21          u8 code smgduan[10]={0x3f,0x06,0x5b,0x4f,0x66,0x6d,0x7d,0x07,0x7f,0x6f};
  22          
  23          
  24          
  25          void delay(u16 i)
  26          {
  27   1       while(i--);
  28   1      }
  29          
  30          
  31          void datapros()//数据处理函数
  32          {
  33   1        Ds1302ReadTime();
  34   1        DisplayData[0]=smgduan[TIME[2]/16];
  35   1        DisplayData[1]=smgduan[TIME[2]&0x0f];
  36   1        DisplayData[2]=0x40;//显示“-”
  37   1        DisplayData[3]=smgduan[TIME[1]/16];
  38   1        DisplayData[4]=smgduan[TIME[1]&0x0f];
  39   1        DisplayData[5]=0x40;
  40   1        DisplayData[6]=smgduan[TIME[0]/16];
  41   1        DisplayData[7]=smgduan[TIME[0]&0x0f];
  42   1          
  43   1      
  44   1      }
  45          
  46          
  47            
  48          
  49          void DigDisplay()
  50          {
  51   1       u8 i;
  52   1       for(i=0;i<8;i++)
  53   1       {
  54   2       switch(i)
C51 COMPILER V9.56.0.0   MAIN                                                              08/07/2019 04:34:25 PAGE 2   

  55   2       {
  56   3         case(0):
  57   3         LSA=0;LSB=0;LSC=0;break;
  58   3         case(1):
  59   3         LSA=1;LSB=0;LSC=0;break;
  60   3         case(2):
  61   3         LSA=0;LSB=1;LSC=0;break;
  62   3         case(3):
  63   3         LSA=1;LSB=1;LSC=0;break;
  64   3         case(4):
  65   3         LSA=0;LSB=0;LSC=1;break;
  66   3         case(5):
  67   3         LSA=1;LSB=0;LSC=1;break;
  68   3         case(6):
  69   3         LSA=0;LSB=1;LSC=1;break;
  70   3         case(7):
  71   3         LSA=1;LSB=1;LSC=1;break;
  72   3       }
  73   2       P0=DisplayData[7-i];
  74   2       delay(100);
  75   2       P0=0x00;
  76   2       }
  77   1      }
  78          
  79          
  80          void main()
  81          {
  82   1        Ds1302Init(); //Ds1302初始化函数 
  83   1        while(1)
  84   1        {
  85   2          datapros();//数据处理函数
  86   2          DigDisplay();//数码管显示函数
  87   2        }
  88   1      }
  89            


MODULE INFORMATION:   STATIC OVERLAYABLE
   CODE SIZE        =    192    ----
   CONSTANT SIZE    =     10    ----
   XDATA SIZE       =   ----    ----
   PDATA SIZE       =   ----    ----
   DATA SIZE        =      9    ----
   IDATA SIZE       =   ----    ----
   BIT SIZE         =   ----    ----
END OF MODULE INFORMATION.


C51 COMPILATION COMPLETE.  0 WARNING(S),  0 ERROR(S)
