C51 COMPILER V9.56.0.0   MAIN                                                              01/24/2019 15:20:20 PAGE 1   


C51 COMPILER V9.56.0.0, COMPILATION OF MODULE MAIN
OBJECT MODULE PLACED IN .\Objects\main.obj
COMPILER INVOKED BY: D:\keil u4 c51\C51\BIN\C51.EXE main.c OPTIMIZE(8,SPEED) BROWSE DEBUG OBJECTEXTEND PRINT(.\Listings\
                    -main.lst) TABS(2) OBJECT(.\Objects\main.obj)

line level    source

   1          #include<reg52.h>
   2          
   3          
   4          typedef unsigned char u8;
   5          typedef unsigned int  u16;
   6          
   7          sbit LSA=P2^2;
   8          sbit LSB=P2^3;
   9          sbit LSC=P2^4;
  10          
  11          u8 code smgduan[]={0x3f,0x06,0x5b, 0x4f , 0x66 , 0x6d ,0x7d , 0x07 , 0x7f  , 0x6f , 0x77 , 0x7c ,0x39 , 0x
             -5e , 0x79 , 0x71 , 0x00};
  12          //0~9 A~D Œﬁœ‘ æ
  13          
  14          
  15          void main ()
  16          {
  17   1        LSA=0;
  18   1        LSB=0;
  19   1        LSC=0;
  20   1        P0=smgduan[0];
  21   1        while(1);
  22   1      }
  23            


MODULE INFORMATION:   STATIC OVERLAYABLE
   CODE SIZE        =     15    ----
   CONSTANT SIZE    =     17    ----
   XDATA SIZE       =   ----    ----
   PDATA SIZE       =   ----    ----
   DATA SIZE        =   ----    ----
   IDATA SIZE       =   ----    ----
   BIT SIZE         =   ----    ----
END OF MODULE INFORMATION.


C51 COMPILATION COMPLETE.  0 WARNING(S),  0 ERROR(S)
