C51 COMPILER V9.56.0.0   XPT2046                                                           01/29/2019 15:40:26 PAGE 1   


C51 COMPILER V9.56.0.0, COMPILATION OF MODULE XPT2046
OBJECT MODULE PLACED IN .\Objects\XPT2046.obj
COMPILER INVOKED BY: D:\keil u4 c51\C51\BIN\C51.EXE XPT2046.c OPTIMIZE(8,SPEED) BROWSE DEBUG OBJECTEXTEND PRINT(.\Listin
                    -gs\XPT2046.lst) TABS(2) OBJECT(.\Objects\XPT2046.obj)

line level    source

   1          #include <XPT2046.h>
   2          
   3          
   4          
   5          
   6          void SPI_Write(u8 dat)
   7          {
   8   1        u8 i;
   9   1        CLK=0;
  10   1        for(i=0;i<8;i++)
  11   1        {
  12   2          DIN=dat>>7;
  13   2          dat<<=1;
  14   2          
  15   2          CLK=0;
  16   2          CLK=1; 
  17   2        }
  18   1      }
  19          
  20          u16 SPI_Read()
  21          {
  22   1        u16 i,dat=0;
  23   1        CLK=0;
  24   1        for(i=0;i<12;i++)
  25   1        {
  26   2          dat<<=1;
  27   2          
  28   2          CLK=1;
  29   2          CLK=0;
  30   2           
  31   2          dat|=DOUT;
  32   2          
  33   2        }
  34   1        return dat;
  35   1      }
  36          
  37          
  38          u16 Read_AD_Data(u8 cmd)
  39          {
  40   1        u8 i;
  41   1        u16 AD_Value;
  42   1        CLK=0;
  43   1        CS=0;
  44   1        SPI_Write(cmd);
  45   1        for(i=6;i>0;i--);
  46   1        CLK=1;
  47   1        _nop_();
  48   1        _nop_();
  49   1        CLK=0;
  50   1        _nop_();
  51   1        _nop_();
  52   1        AD_Value=SPI_Read();
  53   1        CS=1;
  54   1        return AD_Value;
C51 COMPILER V9.56.0.0   XPT2046                                                           01/29/2019 15:40:26 PAGE 2   

  55   1      }


MODULE INFORMATION:   STATIC OVERLAYABLE
   CODE SIZE        =     89    ----
   CONSTANT SIZE    =   ----    ----
   XDATA SIZE       =   ----    ----
   PDATA SIZE       =   ----    ----
   DATA SIZE        =   ----    ----
   IDATA SIZE       =   ----    ----
   BIT SIZE         =   ----    ----
END OF MODULE INFORMATION.


C51 COMPILATION COMPLETE.  0 WARNING(S),  0 ERROR(S)
