C51 COMPILER V9.56.0.0   MAIN                                                              01/27/2019 22:13:03 PAGE 1   


C51 COMPILER V9.56.0.0, COMPILATION OF MODULE MAIN
OBJECT MODULE PLACED IN .\Objects\main.obj
COMPILER INVOKED BY: D:\keil u4 c51\C51\BIN\C51.EXE main.c OPTIMIZE(8,SPEED) BROWSE DEBUG OBJECTEXTEND PRINT(.\Listings\
                    -main.lst) TABS(2) OBJECT(.\Objects\main.obj)

line level    source

   1          #include<reg52.h>
   2          
   3          
   4          typedef unsigned char u8;
   5          typedef unsigned int  u16;
   6          
   7          sbit LSA=P2^2;
   8          sbit LSB=P2^3;
   9          sbit LSC=P2^4;
  10          
  11          u8 code smgduan[]={0x3f,0x06,0x5b, 0x4f , 0x66 , 0x6d ,0x7d , 0x07 , 0x7f  , 0x6f , 0x77 , 0x7c ,0x39 , 0x
             -5e , 0x79 , 0x71 , 0x00};
  12          //0~9 A~D ???
  13          void delay(u16 i)
  14          {
  15   1        while(i--);
  16   1      }
  17          
  18          
  19          
  20          
  21          void DigDisplay()
  22          {
  23   1        u8 i;
  24   1        for(i=0;i<8;i++)
  25   1        {
  26   2          switch(i)
  27   2          {
  28   3            case 0:
  29   3                  LSA=0;LSB=0;LSC=0;break;//右数第一个
  30   3            case 1:
  31   3                  LSA=1;LSB=0;LSC=0;break;//右数第二个
  32   3            case 2:
  33   3                  LSA=0;LSB=1;LSC=0;break;//。。。
  34   3            case 3:
  35   3                  LSA=1;LSB=1;LSC=0;break;//。。。
  36   3            case 4:
  37   3                  LSA=0;LSB=0;LSC=1;break;//。。。
  38   3            case 5:
  39   3                  LSA=1;LSB=0;LSC=1;break;//。。。
  40   3            case 6:
  41   3                  LSA=0;LSB=1;LSC=1;break;//。。。
  42   3            case 7:
  43   3                  LSA=1;LSB=1;LSC=1;break;//。。。
  44   3            
  45   3          } 
  46   2          P0=smgduan[i];
  47   2          delay(100);//肉眼大概是50为分界
  48   2          P0=0x00;//消隐
  49   2          
  50   2        }
  51   1      }
  52          
  53          
C51 COMPILER V9.56.0.0   MAIN                                                              01/27/2019 22:13:03 PAGE 2   

  54          void main ()
  55          {
  56   1        while(1)
  57   1        {
  58   2          DigDisplay();
  59   2        }
  60   1      }
  61            


MODULE INFORMATION:   STATIC OVERLAYABLE
   CODE SIZE        =    125    ----
   CONSTANT SIZE    =     17    ----
   XDATA SIZE       =   ----    ----
   PDATA SIZE       =   ----    ----
   DATA SIZE        =   ----    ----
   IDATA SIZE       =   ----    ----
   BIT SIZE         =   ----    ----
END OF MODULE INFORMATION.


C51 COMPILATION COMPLETE.  0 WARNING(S),  0 ERROR(S)
