C51 COMPILER V9.56.0.0   MAIN                                                              01/27/2019 18:43:12 PAGE 1   


C51 COMPILER V9.56.0.0, COMPILATION OF MODULE MAIN
OBJECT MODULE PLACED IN .\Objects\main.obj
COMPILER INVOKED BY: D:\keil u4 c51\C51\BIN\C51.EXE main.c OPTIMIZE(8,SPEED) BROWSE DEBUG OBJECTEXTEND PRINT(.\Listings\
                    -main.lst) TABS(2) OBJECT(.\Objects\main.obj)

line level    source

   1          #include<reg51.h>
   2          #include<intrins.h>
   3          
   4          typedef unsigned char u8;
   5          typedef unsigned int  u16;
   6          
   7          sbit SRCLK=P3^6;
   8          sbit RCLK=P3^5;
   9          sbit SER=P3^4;//可能是4位
  10          
  11          u8 led_duan[]={0x00,0x00,0x3e,0x41,0x41,0x41,0x3e,0x00};
  12          u8 led_wei []={0x7f,0xbf,0xdf,0xef,0xf7,0xfb,0xfd,0xfe};
  13          
  14          
  15          void delay(u16 i)
  16          {
  17   1        while(i--);
  18   1      }
  19          
  20          
  21          
  22          void Hc595SendByte(u8 dat)
  23          {
  24   1        u8 a;
  25   1        SRCLK=0;
  26   1        RCLK=0;
  27   1        for(a=0;a<8;a++)
  28   1        {
  29   2          SER=dat>>7;
  30   2          dat<<=1;
  31   2          SRCLK=1;
  32   2          _nop_();
  33   2          _nop_();
  34   2          SRCLK=0;
  35   2        }
  36   1        RCLK=1;
  37   1        _nop_();
  38   1        _nop_();
  39   1        RCLK=0;
  40   1      }
  41          
  42          void main ()
  43          {
  44   1        u8 i;
  45   1        
  46   1        while(1)
  47   1        {
  48   2          P0=0x7f;
  49   2          for(i=0;i<8;i++)
  50   2          {
  51   3            P0=led_wei [i];
  52   3            Hc595SendByte(led_duan[i]);
  53   3            delay(100000);
  54   3            
C51 COMPILER V9.56.0.0   MAIN                                                              01/27/2019 18:43:12 PAGE 2   

  55   3          }
  56   2        }
  57   1      
  58   1      }
  59            


MODULE INFORMATION:   STATIC OVERLAYABLE
   CODE SIZE        =     83    ----
   CONSTANT SIZE    =   ----    ----
   XDATA SIZE       =   ----    ----
   PDATA SIZE       =   ----    ----
   DATA SIZE        =     16    ----
   IDATA SIZE       =   ----    ----
   BIT SIZE         =   ----    ----
END OF MODULE INFORMATION.


C51 COMPILATION COMPLETE.  0 WARNING(S),  0 ERROR(S)
