C51 COMPILER V9.56.0.0   MAIN                                                              02/19/2019 12:02:05 PAGE 1   


C51 COMPILER V9.56.0.0, COMPILATION OF MODULE MAIN
OBJECT MODULE PLACED IN .\Objects\main.obj
COMPILER INVOKED BY: D:\keil u4 c51\C51\BIN\C51.EXE main.c OPTIMIZE(8,SPEED) BROWSE DEBUG OBJECTEXTEND PRINT(.\Listings\
                    -main.lst) TABS(2) OBJECT(.\Objects\main.obj)

line level    source

   1          #include<reg52.h>
   2          
   3          typedef unsigned char u8;
   4          typedef unsigned int  u16;
   5          
   6          sbit led=P2^0;
   7          
   8          void Timer1Init()
   9          {
  10   1        TMOD|=0x10;
  11   1        TH1=0XFC;
  12   1        TL1=0x18;
  13   1        ET0=1;
  14   1        EA=1;
  15   1        TR1=1;
  16   1      }
  17          
  18          
  19          void main()
  20          {
  21   1        Timer1Init();
  22   1        while(1);
  23   1      }
  24          
  25          void Time1() interrupt 3
  26          {
  27   1        static u16 i;//静态变量也可以是全局变量
  28   1        TH1=0XFC;
  29   1        TL1=0x18;
  30   1        i++;
  31   1        if(i==1000)
  32   1        {
  33   2          i=0;
  34   2          led=~led;
  35   2        }
  36   1      }


MODULE INFORMATION:   STATIC OVERLAYABLE
   CODE SIZE        =     60    ----
   CONSTANT SIZE    =   ----    ----
   XDATA SIZE       =   ----    ----
   PDATA SIZE       =   ----    ----
   DATA SIZE        =      2    ----
   IDATA SIZE       =   ----    ----
   BIT SIZE         =   ----    ----
END OF MODULE INFORMATION.


C51 COMPILATION COMPLETE.  0 WARNING(S),  0 ERROR(S)
