C51 COMPILER V9.56.0.0   MAIN                                                              01/24/2019 19:24:05 PAGE 1   


C51 COMPILER V9.56.0.0, COMPILATION OF MODULE MAIN
OBJECT MODULE PLACED IN .\Objects\main.obj
COMPILER INVOKED BY: D:\keil u4 c51\C51\BIN\C51.EXE main.c OPTIMIZE(8,SPEED) BROWSE DEBUG OBJECTEXTEND PRINT(.\Listings\
                    -main.lst) TABS(2) OBJECT(.\Objects\main.obj)

line level    source

   1          #include<reg52.h>
   2          
   3          typedef unsigned char u8;
   4          typedef unsigned int  u16;
   5          
   6          sbit led=P2^0;
   7          
   8          
   9          void delay(u16 i)
  10          {
  11   1        while(i--);
  12   1      }
  13          
  14          
  15          
  16          void main()
  17          {
  18   1        while(1)
  19   1        {
  20   2          led=0;
  21   2          delay(50000);
  22   2          led=1;
  23   2          delay(50000);
  24   2        }
  25   1      }
  26          


MODULE INFORMATION:   STATIC OVERLAYABLE
   CODE SIZE        =     31    ----
   CONSTANT SIZE    =   ----    ----
   XDATA SIZE       =   ----    ----
   PDATA SIZE       =   ----    ----
   DATA SIZE        =   ----    ----
   IDATA SIZE       =   ----    ----
   BIT SIZE         =   ----    ----
END OF MODULE INFORMATION.


C51 COMPILATION COMPLETE.  0 WARNING(S),  0 ERROR(S)
